2020-01-30 21:08:32 [INFO ] [] XPayClient initialize [/var/www/html/vmp/plugin/lgxpay/lgdacom] [test]
2020-01-30 21:08:32 [DEBUG] [] Config [server_id] = [01]
2020-01-30 21:08:32 [DEBUG] [] Config [timeout] = [60]
2020-01-30 21:08:32 [DEBUG] [] Config [log_level] = [4]
2020-01-30 21:08:32 [DEBUG] [] Config [verify_cert] = [1]
2020-01-30 21:08:32 [DEBUG] [] Config [verify_host] = [1]
2020-01-30 21:08:32 [DEBUG] [] Config [report_error] = [1]
2020-01-30 21:08:32 [DEBUG] [] Config [output_UTF8] = [1]
2020-01-30 21:08:32 [DEBUG] [] Config [auto_rollback] = [1]
2020-01-30 21:08:32 [DEBUG] [] Config [log_dir] = [/var/www/html/vmp/plugin/lgxpay/lgdacom/log]
2020-01-30 21:08:32 [DEBUG] [] Config [tlgdacomxpay] = [95160cce09854ef44d2edb2bfb05f9f3]
2020-01-30 21:08:32 [DEBUG] [] Config [lgdacomxpay] = [95160cce09854ef44d2edb2bfb05f9f3]
2020-01-30 21:08:32 [DEBUG] [] Config [url] = [https://xpayclient.lgdacom.net/xpay/Gateway.do]
2020-01-30 21:08:32 [DEBUG] [] Config [test_url] = [https://xpayclient.lgdacom.net:7443/xpay/Gateway.do]
2020-01-30 21:08:32 [DEBUG] [] Config [aux_url] = [http://xpayclient.lgdacom.net:7080/xpay/Gateway.do]
2020-01-30 21:08:32 [DEBUG] [tsi_991050-012020013021083258c4703d024771895f86380efa5557974e262afe] Post [LGD_TXID] = [tsi_991050-012020013021083258c4703d024771895f86380efa5557974e262afe]
2020-01-30 21:08:32 [DEBUG] [tsi_991050-012020013021083258c4703d024771895f86380efa5557974e262afe] Post [LGD_AUTHCODE] = [974e8006715fd3f8e73040c6245c751970e2fbaa]
2020-01-30 21:08:32 [DEBUG] [tsi_991050-012020013021083258c4703d024771895f86380efa5557974e262afe] Post [LGD_MID] = [tsi_991050]
2020-01-30 21:08:32 [DEBUG] [tsi_991050-012020013021083258c4703d024771895f86380efa5557974e262afe] Post [LGD_TXNAME] = [AuthOnlyByKey]
2020-01-30 21:08:32 [DEBUG] [tsi_991050-012020013021083258c4703d024771895f86380efa5557974e262afe] Post [LGD_AUTHONLYKEY] = []
2020-01-30 21:08:32 [DEBUG] [tsi_991050-012020013021083258c4703d024771895f86380efa5557974e262afe] Post [LGD_PAYTYPE] = []
2020-01-30 21:08:32 [DEBUG] [tsi_991050-012020013021083258c4703d024771895f86380efa5557974e262afe] post_string = LGD_TXID=tsi_991050-012020013021083258c4703d024771895f86380efa5557974e262afe&LGD_AUTHCODE=974e8006715fd3f8e73040c6245c751970e2fbaa&LGD_MID=tsi_991050&LGD_TXNAME=AuthOnlyByKey&LGD_AUTHONLYKEY=&LGD_PAYTYPE=
2020-01-30 21:08:33 [DEBUG] [tsi_991050-012020013021083258c4703d024771895f86380efa5557974e262afe] Result = [









{"LGD_RESPCODE":"XC01","LGD_RESPMSG":"Î≥∏Ïù∏ÌôïÏù∏ ÏöîÏ≤≠ÌÇ§[LGD_AUTHONLYKEY]Í∞Ä ÏóÜÏäµÎãàÎã§.","LGD_RESPONSE":[{"LGD_RESPCODE":"XC01","LGD_HASHDATA":"b35ab4ed19a6cad20181b0480d1db633","LGD_TIMESTAMP":"20200130210833","LGD_RESPMSG":"Î≥∏Ïù∏ÌôïÏù∏ ÏöîÏ≤≠ÌÇ§[LGD_AUTHONLYKEY]Í∞Ä ÏóÜÏäµÎãàÎã§."}]}
]
2020-01-30 21:08:33 [INFO ] [tsi_991050-012020013021083258c4703d024771895f86380efa5557974e262afe] Response Code=[XC01], Msg=[∫ª¿Œ»Æ¿Œ ø‰√ª≈∞[LGD_AUTHONLYKEY]∞° æ¯Ω¿¥œ¥Ÿ.], Count=1
2020-01-30 21:08:33 [DEBUG] [tsi_991050-012020013021083258c4703d024771895f86380efa5557974e262afe] Response (LGD_RESPCODE, 0) = XC01
2020-01-30 21:08:33 [DEBUG] [tsi_991050-012020013021083258c4703d024771895f86380efa5557974e262afe] Response (LGD_HASHDATA, 0) = b35ab4ed19a6cad20181b0480d1db633
2020-01-30 21:08:33 [DEBUG] [tsi_991050-012020013021083258c4703d024771895f86380efa5557974e262afe] Response (LGD_TIMESTAMP, 0) = 20200130210833
2020-01-30 21:08:33 [DEBUG] [tsi_991050-012020013021083258c4703d024771895f86380efa5557974e262afe] Response (LGD_RESPMSG, 0) = Î≥∏Ïù∏ÌôïÏù∏ ÏöîÏ≤≠ÌÇ§[LGD_AUTHONLYKEY]Í∞Ä ÏóÜÏäµÎãàÎã§.
