2019-06-28 06:08:37 [INFO ] [] XPayClient initialize [/var/www/html/vmp/plugin/lgxpay/lgdacom] [test]
2019-06-28 06:08:37 [DEBUG] [] Config [server_id] = [01]
2019-06-28 06:08:37 [DEBUG] [] Config [timeout] = [60]
2019-06-28 06:08:37 [DEBUG] [] Config [log_level] = [4]
2019-06-28 06:08:37 [DEBUG] [] Config [verify_cert] = [1]
2019-06-28 06:08:37 [DEBUG] [] Config [verify_host] = [1]
2019-06-28 06:08:37 [DEBUG] [] Config [report_error] = [1]
2019-06-28 06:08:37 [DEBUG] [] Config [output_UTF8] = [1]
2019-06-28 06:08:37 [DEBUG] [] Config [auto_rollback] = [1]
2019-06-28 06:08:37 [DEBUG] [] Config [log_dir] = [/var/www/html/vmp/plugin/lgxpay/lgdacom/log]
2019-06-28 06:08:37 [DEBUG] [] Config [tlgdacomxpay] = [95160cce09854ef44d2edb2bfb05f9f3]
2019-06-28 06:08:37 [DEBUG] [] Config [lgdacomxpay] = [95160cce09854ef44d2edb2bfb05f9f3]
2019-06-28 06:08:37 [DEBUG] [] Config [url] = [https://xpayclient.lgdacom.net/xpay/Gateway.do]
2019-06-28 06:08:37 [DEBUG] [] Config [test_url] = [https://xpayclient.lgdacom.net:7443/xpay/Gateway.do]
2019-06-28 06:08:37 [DEBUG] [] Config [aux_url] = [http://xpayclient.lgdacom.net:7080/xpay/Gateway.do]
2019-06-28 06:08:37 [DEBUG] [tsi_991050-012019062806083711de1b3c6a6058c19ed0685426b6d33fef489e73] Post [LGD_TXID] = [tsi_991050-012019062806083711de1b3c6a6058c19ed0685426b6d33fef489e73]
2019-06-28 06:08:37 [DEBUG] [tsi_991050-012019062806083711de1b3c6a6058c19ed0685426b6d33fef489e73] Post [LGD_AUTHCODE] = [a5433ad956d8039b8d715cc9a858e07343f78033]
2019-06-28 06:08:37 [DEBUG] [tsi_991050-012019062806083711de1b3c6a6058c19ed0685426b6d33fef489e73] Post [LGD_MID] = [tsi_991050]
2019-06-28 06:08:37 [DEBUG] [tsi_991050-012019062806083711de1b3c6a6058c19ed0685426b6d33fef489e73] Post [LGD_TXNAME] = [AuthOnlyByKey]
2019-06-28 06:08:37 [DEBUG] [tsi_991050-012019062806083711de1b3c6a6058c19ed0685426b6d33fef489e73] Post [LGD_AUTHONLYKEY] = []
2019-06-28 06:08:37 [DEBUG] [tsi_991050-012019062806083711de1b3c6a6058c19ed0685426b6d33fef489e73] Post [LGD_PAYTYPE] = []
2019-06-28 06:08:37 [DEBUG] [tsi_991050-012019062806083711de1b3c6a6058c19ed0685426b6d33fef489e73] post_string = LGD_TXID=tsi_991050-012019062806083711de1b3c6a6058c19ed0685426b6d33fef489e73&LGD_AUTHCODE=a5433ad956d8039b8d715cc9a858e07343f78033&LGD_MID=tsi_991050&LGD_TXNAME=AuthOnlyByKey&LGD_AUTHONLYKEY=&LGD_PAYTYPE=
2019-06-28 06:08:37 [DEBUG] [tsi_991050-012019062806083711de1b3c6a6058c19ed0685426b6d33fef489e73] Result = [









{"LGD_RESPCODE":"XC01","LGD_RESPMSG":"Î≥∏Ïù∏ÌôïÏù∏ ÏöîÏ≤≠ÌÇ§[LGD_AUTHONLYKEY]Í∞Ä ÏóÜÏäµÎãàÎã§.","LGD_RESPONSE":[{"LGD_RESPCODE":"XC01","LGD_HASHDATA":"5fb90966d86e111ff38d5dc7e77a5043","LGD_TIMESTAMP":"20190628060837","LGD_RESPMSG":"Î≥∏Ïù∏ÌôïÏù∏ ÏöîÏ≤≠ÌÇ§[LGD_AUTHONLYKEY]Í∞Ä ÏóÜÏäµÎãàÎã§."}]}
]
2019-06-28 06:08:37 [INFO ] [tsi_991050-012019062806083711de1b3c6a6058c19ed0685426b6d33fef489e73] Response Code=[XC01], Msg=[∫ª¿Œ»Æ¿Œ ø‰√ª≈∞[LGD_AUTHONLYKEY]∞° æ¯Ω¿¥œ¥Ÿ.], Count=1
2019-06-28 06:08:37 [DEBUG] [tsi_991050-012019062806083711de1b3c6a6058c19ed0685426b6d33fef489e73] Response (LGD_RESPCODE, 0) = XC01
2019-06-28 06:08:37 [DEBUG] [tsi_991050-012019062806083711de1b3c6a6058c19ed0685426b6d33fef489e73] Response (LGD_HASHDATA, 0) = 5fb90966d86e111ff38d5dc7e77a5043
2019-06-28 06:08:37 [DEBUG] [tsi_991050-012019062806083711de1b3c6a6058c19ed0685426b6d33fef489e73] Response (LGD_TIMESTAMP, 0) = 20190628060837
2019-06-28 06:08:37 [DEBUG] [tsi_991050-012019062806083711de1b3c6a6058c19ed0685426b6d33fef489e73] Response (LGD_RESPMSG, 0) = Î≥∏Ïù∏ÌôïÏù∏ ÏöîÏ≤≠ÌÇ§[LGD_AUTHONLYKEY]Í∞Ä ÏóÜÏäµÎãàÎã§.
