2020-04-22 00:06:11 [INFO ] [] XPayClient initialize [/var/www/html/vmp/plugin/lgxpay/lgdacom] [test]
2020-04-22 00:06:11 [DEBUG] [] Config [server_id] = [01]
2020-04-22 00:06:11 [DEBUG] [] Config [timeout] = [60]
2020-04-22 00:06:11 [DEBUG] [] Config [log_level] = [4]
2020-04-22 00:06:11 [DEBUG] [] Config [verify_cert] = [1]
2020-04-22 00:06:11 [DEBUG] [] Config [verify_host] = [1]
2020-04-22 00:06:11 [DEBUG] [] Config [report_error] = [1]
2020-04-22 00:06:11 [DEBUG] [] Config [output_UTF8] = [1]
2020-04-22 00:06:11 [DEBUG] [] Config [auto_rollback] = [1]
2020-04-22 00:06:11 [DEBUG] [] Config [log_dir] = [/var/www/html/vmp/plugin/lgxpay/lgdacom/log]
2020-04-22 00:06:11 [DEBUG] [] Config [tlgdacomxpay] = [95160cce09854ef44d2edb2bfb05f9f3]
2020-04-22 00:06:11 [DEBUG] [] Config [lgdacomxpay] = [95160cce09854ef44d2edb2bfb05f9f3]
2020-04-22 00:06:11 [DEBUG] [] Config [url] = [https://xpayclient.lgdacom.net/xpay/Gateway.do]
2020-04-22 00:06:11 [DEBUG] [] Config [test_url] = [https://xpayclient.lgdacom.net:7443/xpay/Gateway.do]
2020-04-22 00:06:11 [DEBUG] [] Config [aux_url] = [http://xpayclient.lgdacom.net:7080/xpay/Gateway.do]
2020-04-22 00:06:11 [DEBUG] [tsi_991050-012020042200061105e2446810f807c4b8aa05778ca50ccd2a5f65a8] Post [LGD_TXID] = [tsi_991050-012020042200061105e2446810f807c4b8aa05778ca50ccd2a5f65a8]
2020-04-22 00:06:11 [DEBUG] [tsi_991050-012020042200061105e2446810f807c4b8aa05778ca50ccd2a5f65a8] Post [LGD_AUTHCODE] = [dad2d5d46697165551439378d14abc72701fc746]
2020-04-22 00:06:11 [DEBUG] [tsi_991050-012020042200061105e2446810f807c4b8aa05778ca50ccd2a5f65a8] Post [LGD_MID] = [tsi_991050]
2020-04-22 00:06:11 [DEBUG] [tsi_991050-012020042200061105e2446810f807c4b8aa05778ca50ccd2a5f65a8] Post [LGD_TXNAME] = [AuthOnlyByKey]
2020-04-22 00:06:11 [DEBUG] [tsi_991050-012020042200061105e2446810f807c4b8aa05778ca50ccd2a5f65a8] Post [LGD_AUTHONLYKEY] = []
2020-04-22 00:06:11 [DEBUG] [tsi_991050-012020042200061105e2446810f807c4b8aa05778ca50ccd2a5f65a8] Post [LGD_PAYTYPE] = []
2020-04-22 00:06:11 [DEBUG] [tsi_991050-012020042200061105e2446810f807c4b8aa05778ca50ccd2a5f65a8] post_string = LGD_TXID=tsi_991050-012020042200061105e2446810f807c4b8aa05778ca50ccd2a5f65a8&LGD_AUTHCODE=dad2d5d46697165551439378d14abc72701fc746&LGD_MID=tsi_991050&LGD_TXNAME=AuthOnlyByKey&LGD_AUTHONLYKEY=&LGD_PAYTYPE=
2020-04-22 00:06:11 [DEBUG] [tsi_991050-012020042200061105e2446810f807c4b8aa05778ca50ccd2a5f65a8] Result = [









{"LGD_RESPCODE":"XC01","LGD_RESPMSG":"Î≥∏Ïù∏ÌôïÏù∏ ÏöîÏ≤≠ÌÇ§[LGD_AUTHONLYKEY]Í∞Ä ÏóÜÏäµÎãàÎã§.","LGD_RESPONSE":[{"LGD_RESPCODE":"XC01","LGD_HASHDATA":"b1ac104309b29d6a7ba68c97fcc8f550","LGD_TIMESTAMP":"20200422000611","LGD_RESPMSG":"Î≥∏Ïù∏ÌôïÏù∏ ÏöîÏ≤≠ÌÇ§[LGD_AUTHONLYKEY]Í∞Ä ÏóÜÏäµÎãàÎã§."}]}
]
2020-04-22 00:06:11 [INFO ] [tsi_991050-012020042200061105e2446810f807c4b8aa05778ca50ccd2a5f65a8] Response Code=[XC01], Msg=[∫ª¿Œ»Æ¿Œ ø‰√ª≈∞[LGD_AUTHONLYKEY]∞° æ¯Ω¿¥œ¥Ÿ.], Count=1
2020-04-22 00:06:11 [DEBUG] [tsi_991050-012020042200061105e2446810f807c4b8aa05778ca50ccd2a5f65a8] Response (LGD_RESPCODE, 0) = XC01
2020-04-22 00:06:11 [DEBUG] [tsi_991050-012020042200061105e2446810f807c4b8aa05778ca50ccd2a5f65a8] Response (LGD_HASHDATA, 0) = b1ac104309b29d6a7ba68c97fcc8f550
2020-04-22 00:06:11 [DEBUG] [tsi_991050-012020042200061105e2446810f807c4b8aa05778ca50ccd2a5f65a8] Response (LGD_TIMESTAMP, 0) = 20200422000611
2020-04-22 00:06:11 [DEBUG] [tsi_991050-012020042200061105e2446810f807c4b8aa05778ca50ccd2a5f65a8] Response (LGD_RESPMSG, 0) = Î≥∏Ïù∏ÌôïÏù∏ ÏöîÏ≤≠ÌÇ§[LGD_AUTHONLYKEY]Í∞Ä ÏóÜÏäµÎãàÎã§.
2020-04-22 09:09:56 [INFO ] [] XPayClient initialize [/var/www/html/vmp/plugin/lgxpay/lgdacom] [test]
2020-04-22 09:09:56 [DEBUG] [] Config [server_id] = [01]
2020-04-22 09:09:56 [DEBUG] [] Config [timeout] = [60]
2020-04-22 09:09:56 [DEBUG] [] Config [log_level] = [4]
2020-04-22 09:09:56 [DEBUG] [] Config [verify_cert] = [1]
2020-04-22 09:09:56 [DEBUG] [] Config [verify_host] = [1]
2020-04-22 09:09:56 [DEBUG] [] Config [report_error] = [1]
2020-04-22 09:09:56 [DEBUG] [] Config [output_UTF8] = [1]
2020-04-22 09:09:56 [DEBUG] [] Config [auto_rollback] = [1]
2020-04-22 09:09:56 [DEBUG] [] Config [log_dir] = [/var/www/html/vmp/plugin/lgxpay/lgdacom/log]
2020-04-22 09:09:56 [DEBUG] [] Config [tlgdacomxpay] = [95160cce09854ef44d2edb2bfb05f9f3]
2020-04-22 09:09:56 [DEBUG] [] Config [lgdacomxpay] = [95160cce09854ef44d2edb2bfb05f9f3]
2020-04-22 09:09:56 [DEBUG] [] Config [url] = [https://xpayclient.lgdacom.net/xpay/Gateway.do]
2020-04-22 09:09:56 [DEBUG] [] Config [test_url] = [https://xpayclient.lgdacom.net:7443/xpay/Gateway.do]
2020-04-22 09:09:56 [DEBUG] [] Config [aux_url] = [http://xpayclient.lgdacom.net:7080/xpay/Gateway.do]
2020-04-22 09:09:56 [DEBUG] [tsi_991050-01202004220909564cfe636326723c6d2ba7746fd72db1ad3485e0c2] Post [LGD_TXID] = [tsi_991050-01202004220909564cfe636326723c6d2ba7746fd72db1ad3485e0c2]
2020-04-22 09:09:56 [DEBUG] [tsi_991050-01202004220909564cfe636326723c6d2ba7746fd72db1ad3485e0c2] Post [LGD_AUTHCODE] = [58bff8b7dad6fab9cb17120c08ce97800f271bdb]
2020-04-22 09:09:56 [DEBUG] [tsi_991050-01202004220909564cfe636326723c6d2ba7746fd72db1ad3485e0c2] Post [LGD_MID] = [tsi_991050]
2020-04-22 09:09:56 [DEBUG] [tsi_991050-01202004220909564cfe636326723c6d2ba7746fd72db1ad3485e0c2] Post [LGD_TXNAME] = [AuthOnlyByKey]
2020-04-22 09:09:56 [DEBUG] [tsi_991050-01202004220909564cfe636326723c6d2ba7746fd72db1ad3485e0c2] Post [LGD_AUTHONLYKEY] = []
2020-04-22 09:09:56 [DEBUG] [tsi_991050-01202004220909564cfe636326723c6d2ba7746fd72db1ad3485e0c2] Post [LGD_PAYTYPE] = []
2020-04-22 09:09:56 [DEBUG] [tsi_991050-01202004220909564cfe636326723c6d2ba7746fd72db1ad3485e0c2] post_string = LGD_TXID=tsi_991050-01202004220909564cfe636326723c6d2ba7746fd72db1ad3485e0c2&LGD_AUTHCODE=58bff8b7dad6fab9cb17120c08ce97800f271bdb&LGD_MID=tsi_991050&LGD_TXNAME=AuthOnlyByKey&LGD_AUTHONLYKEY=&LGD_PAYTYPE=
2020-04-22 09:09:56 [DEBUG] [tsi_991050-01202004220909564cfe636326723c6d2ba7746fd72db1ad3485e0c2] Result = [









{"LGD_RESPCODE":"XC01","LGD_RESPMSG":"Î≥∏Ïù∏ÌôïÏù∏ ÏöîÏ≤≠ÌÇ§[LGD_AUTHONLYKEY]Í∞Ä ÏóÜÏäµÎãàÎã§.","LGD_RESPONSE":[{"LGD_RESPCODE":"XC01","LGD_HASHDATA":"04b44655013b938430e763d8f46e032a","LGD_TIMESTAMP":"20200422090956","LGD_RESPMSG":"Î≥∏Ïù∏ÌôïÏù∏ ÏöîÏ≤≠ÌÇ§[LGD_AUTHONLYKEY]Í∞Ä ÏóÜÏäµÎãàÎã§."}]}
]
2020-04-22 09:09:56 [INFO ] [tsi_991050-01202004220909564cfe636326723c6d2ba7746fd72db1ad3485e0c2] Response Code=[XC01], Msg=[∫ª¿Œ»Æ¿Œ ø‰√ª≈∞[LGD_AUTHONLYKEY]∞° æ¯Ω¿¥œ¥Ÿ.], Count=1
2020-04-22 09:09:56 [DEBUG] [tsi_991050-01202004220909564cfe636326723c6d2ba7746fd72db1ad3485e0c2] Response (LGD_RESPCODE, 0) = XC01
2020-04-22 09:09:56 [DEBUG] [tsi_991050-01202004220909564cfe636326723c6d2ba7746fd72db1ad3485e0c2] Response (LGD_HASHDATA, 0) = 04b44655013b938430e763d8f46e032a
2020-04-22 09:09:56 [DEBUG] [tsi_991050-01202004220909564cfe636326723c6d2ba7746fd72db1ad3485e0c2] Response (LGD_TIMESTAMP, 0) = 20200422090956
2020-04-22 09:09:56 [DEBUG] [tsi_991050-01202004220909564cfe636326723c6d2ba7746fd72db1ad3485e0c2] Response (LGD_RESPMSG, 0) = Î≥∏Ïù∏ÌôïÏù∏ ÏöîÏ≤≠ÌÇ§[LGD_AUTHONLYKEY]Í∞Ä ÏóÜÏäµÎãàÎã§.
