2020-04-29 03:15:06 [INFO ] [] XPayClient initialize [/var/www/html/vmp/plugin/lgxpay/lgdacom] [test]
2020-04-29 03:15:06 [DEBUG] [] Config [server_id] = [01]
2020-04-29 03:15:06 [DEBUG] [] Config [timeout] = [60]
2020-04-29 03:15:06 [DEBUG] [] Config [log_level] = [4]
2020-04-29 03:15:06 [DEBUG] [] Config [verify_cert] = [1]
2020-04-29 03:15:06 [DEBUG] [] Config [verify_host] = [1]
2020-04-29 03:15:06 [DEBUG] [] Config [report_error] = [1]
2020-04-29 03:15:06 [DEBUG] [] Config [output_UTF8] = [1]
2020-04-29 03:15:06 [DEBUG] [] Config [auto_rollback] = [1]
2020-04-29 03:15:06 [DEBUG] [] Config [log_dir] = [/var/www/html/vmp/plugin/lgxpay/lgdacom/log]
2020-04-29 03:15:06 [DEBUG] [] Config [tlgdacomxpay] = [95160cce09854ef44d2edb2bfb05f9f3]
2020-04-29 03:15:06 [DEBUG] [] Config [lgdacomxpay] = [95160cce09854ef44d2edb2bfb05f9f3]
2020-04-29 03:15:06 [DEBUG] [] Config [url] = [https://xpayclient.lgdacom.net/xpay/Gateway.do]
2020-04-29 03:15:06 [DEBUG] [] Config [test_url] = [https://xpayclient.lgdacom.net:7443/xpay/Gateway.do]
2020-04-29 03:15:06 [DEBUG] [] Config [aux_url] = [http://xpayclient.lgdacom.net:7080/xpay/Gateway.do]
2020-04-29 03:15:06 [DEBUG] [tsi_991050-0120200429031506e5f2961f9e9fb59a16e0756838f61c09e35cb865] Post [LGD_TXID] = [tsi_991050-0120200429031506e5f2961f9e9fb59a16e0756838f61c09e35cb865]
2020-04-29 03:15:06 [DEBUG] [tsi_991050-0120200429031506e5f2961f9e9fb59a16e0756838f61c09e35cb865] Post [LGD_AUTHCODE] = [d17f00aca43bba662e8e80a495d2a18f2ec7f16c]
2020-04-29 03:15:06 [DEBUG] [tsi_991050-0120200429031506e5f2961f9e9fb59a16e0756838f61c09e35cb865] Post [LGD_MID] = [tsi_991050]
2020-04-29 03:15:06 [DEBUG] [tsi_991050-0120200429031506e5f2961f9e9fb59a16e0756838f61c09e35cb865] Post [LGD_TXNAME] = [AuthOnlyByKey]
2020-04-29 03:15:06 [DEBUG] [tsi_991050-0120200429031506e5f2961f9e9fb59a16e0756838f61c09e35cb865] Post [LGD_AUTHONLYKEY] = []
2020-04-29 03:15:06 [DEBUG] [tsi_991050-0120200429031506e5f2961f9e9fb59a16e0756838f61c09e35cb865] Post [LGD_PAYTYPE] = []
2020-04-29 03:15:06 [DEBUG] [tsi_991050-0120200429031506e5f2961f9e9fb59a16e0756838f61c09e35cb865] post_string = LGD_TXID=tsi_991050-0120200429031506e5f2961f9e9fb59a16e0756838f61c09e35cb865&LGD_AUTHCODE=d17f00aca43bba662e8e80a495d2a18f2ec7f16c&LGD_MID=tsi_991050&LGD_TXNAME=AuthOnlyByKey&LGD_AUTHONLYKEY=&LGD_PAYTYPE=
2020-04-29 03:15:08 [DEBUG] [tsi_991050-0120200429031506e5f2961f9e9fb59a16e0756838f61c09e35cb865] Result = [









{"LGD_RESPCODE":"XC01","LGD_RESPMSG":"Î≥∏Ïù∏ÌôïÏù∏ ÏöîÏ≤≠ÌÇ§[LGD_AUTHONLYKEY]Í∞Ä ÏóÜÏäµÎãàÎã§.","LGD_RESPONSE":[{"LGD_RESPCODE":"XC01","LGD_HASHDATA":"2c732d531c7dd59d51292d28f84bdc9f","LGD_TIMESTAMP":"20200429031508","LGD_RESPMSG":"Î≥∏Ïù∏ÌôïÏù∏ ÏöîÏ≤≠ÌÇ§[LGD_AUTHONLYKEY]Í∞Ä ÏóÜÏäµÎãàÎã§."}]}
]
2020-04-29 03:15:08 [INFO ] [tsi_991050-0120200429031506e5f2961f9e9fb59a16e0756838f61c09e35cb865] Response Code=[XC01], Msg=[∫ª¿Œ»Æ¿Œ ø‰√ª≈∞[LGD_AUTHONLYKEY]∞° æ¯Ω¿¥œ¥Ÿ.], Count=1
2020-04-29 03:15:08 [DEBUG] [tsi_991050-0120200429031506e5f2961f9e9fb59a16e0756838f61c09e35cb865] Response (LGD_RESPCODE, 0) = XC01
2020-04-29 03:15:08 [DEBUG] [tsi_991050-0120200429031506e5f2961f9e9fb59a16e0756838f61c09e35cb865] Response (LGD_HASHDATA, 0) = 2c732d531c7dd59d51292d28f84bdc9f
2020-04-29 03:15:08 [DEBUG] [tsi_991050-0120200429031506e5f2961f9e9fb59a16e0756838f61c09e35cb865] Response (LGD_TIMESTAMP, 0) = 20200429031508
2020-04-29 03:15:08 [DEBUG] [tsi_991050-0120200429031506e5f2961f9e9fb59a16e0756838f61c09e35cb865] Response (LGD_RESPMSG, 0) = Î≥∏Ïù∏ÌôïÏù∏ ÏöîÏ≤≠ÌÇ§[LGD_AUTHONLYKEY]Í∞Ä ÏóÜÏäµÎãàÎã§.
2020-04-29 17:18:39 [INFO ] [] XPayClient initialize [/var/www/html/vmp/plugin/lgxpay/lgdacom] [test]
2020-04-29 17:18:39 [DEBUG] [] Config [server_id] = [01]
2020-04-29 17:18:39 [DEBUG] [] Config [timeout] = [60]
2020-04-29 17:18:39 [DEBUG] [] Config [log_level] = [4]
2020-04-29 17:18:39 [DEBUG] [] Config [verify_cert] = [1]
2020-04-29 17:18:39 [DEBUG] [] Config [verify_host] = [1]
2020-04-29 17:18:39 [DEBUG] [] Config [report_error] = [1]
2020-04-29 17:18:39 [DEBUG] [] Config [output_UTF8] = [1]
2020-04-29 17:18:39 [DEBUG] [] Config [auto_rollback] = [1]
2020-04-29 17:18:39 [DEBUG] [] Config [log_dir] = [/var/www/html/vmp/plugin/lgxpay/lgdacom/log]
2020-04-29 17:18:39 [DEBUG] [] Config [tlgdacomxpay] = [95160cce09854ef44d2edb2bfb05f9f3]
2020-04-29 17:18:39 [DEBUG] [] Config [lgdacomxpay] = [95160cce09854ef44d2edb2bfb05f9f3]
2020-04-29 17:18:39 [DEBUG] [] Config [url] = [https://xpayclient.lgdacom.net/xpay/Gateway.do]
2020-04-29 17:18:39 [DEBUG] [] Config [test_url] = [https://xpayclient.lgdacom.net:7443/xpay/Gateway.do]
2020-04-29 17:18:39 [DEBUG] [] Config [aux_url] = [http://xpayclient.lgdacom.net:7080/xpay/Gateway.do]
2020-04-29 17:18:39 [DEBUG] [tsi_991050-0120200429171839106fad8007714ab81c9c382f2a57518d42a37f96] Post [LGD_TXID] = [tsi_991050-0120200429171839106fad8007714ab81c9c382f2a57518d42a37f96]
2020-04-29 17:18:39 [DEBUG] [tsi_991050-0120200429171839106fad8007714ab81c9c382f2a57518d42a37f96] Post [LGD_AUTHCODE] = [8183361973f8c43c495b75d4f86193ec21efca78]
2020-04-29 17:18:39 [DEBUG] [tsi_991050-0120200429171839106fad8007714ab81c9c382f2a57518d42a37f96] Post [LGD_MID] = [tsi_991050]
2020-04-29 17:18:39 [DEBUG] [tsi_991050-0120200429171839106fad8007714ab81c9c382f2a57518d42a37f96] Post [LGD_TXNAME] = [AuthOnlyByKey]
2020-04-29 17:18:39 [DEBUG] [tsi_991050-0120200429171839106fad8007714ab81c9c382f2a57518d42a37f96] Post [LGD_AUTHONLYKEY] = []
2020-04-29 17:18:39 [DEBUG] [tsi_991050-0120200429171839106fad8007714ab81c9c382f2a57518d42a37f96] Post [LGD_PAYTYPE] = []
2020-04-29 17:18:39 [DEBUG] [tsi_991050-0120200429171839106fad8007714ab81c9c382f2a57518d42a37f96] post_string = LGD_TXID=tsi_991050-0120200429171839106fad8007714ab81c9c382f2a57518d42a37f96&LGD_AUTHCODE=8183361973f8c43c495b75d4f86193ec21efca78&LGD_MID=tsi_991050&LGD_TXNAME=AuthOnlyByKey&LGD_AUTHONLYKEY=&LGD_PAYTYPE=
2020-04-29 17:18:40 [DEBUG] [tsi_991050-0120200429171839106fad8007714ab81c9c382f2a57518d42a37f96] Result = [









{"LGD_RESPCODE":"XC01","LGD_RESPMSG":"Î≥∏Ïù∏ÌôïÏù∏ ÏöîÏ≤≠ÌÇ§[LGD_AUTHONLYKEY]Í∞Ä ÏóÜÏäµÎãàÎã§.","LGD_RESPONSE":[{"LGD_RESPCODE":"XC01","LGD_HASHDATA":"fd47c2a6180f233beffce85ac3e54006","LGD_TIMESTAMP":"20200429171840","LGD_RESPMSG":"Î≥∏Ïù∏ÌôïÏù∏ ÏöîÏ≤≠ÌÇ§[LGD_AUTHONLYKEY]Í∞Ä ÏóÜÏäµÎãàÎã§."}]}
]
2020-04-29 17:18:40 [INFO ] [tsi_991050-0120200429171839106fad8007714ab81c9c382f2a57518d42a37f96] Response Code=[XC01], Msg=[∫ª¿Œ»Æ¿Œ ø‰√ª≈∞[LGD_AUTHONLYKEY]∞° æ¯Ω¿¥œ¥Ÿ.], Count=1
2020-04-29 17:18:40 [DEBUG] [tsi_991050-0120200429171839106fad8007714ab81c9c382f2a57518d42a37f96] Response (LGD_RESPCODE, 0) = XC01
2020-04-29 17:18:40 [DEBUG] [tsi_991050-0120200429171839106fad8007714ab81c9c382f2a57518d42a37f96] Response (LGD_HASHDATA, 0) = fd47c2a6180f233beffce85ac3e54006
2020-04-29 17:18:40 [DEBUG] [tsi_991050-0120200429171839106fad8007714ab81c9c382f2a57518d42a37f96] Response (LGD_TIMESTAMP, 0) = 20200429171840
2020-04-29 17:18:40 [DEBUG] [tsi_991050-0120200429171839106fad8007714ab81c9c382f2a57518d42a37f96] Response (LGD_RESPMSG, 0) = Î≥∏Ïù∏ÌôïÏù∏ ÏöîÏ≤≠ÌÇ§[LGD_AUTHONLYKEY]Í∞Ä ÏóÜÏäµÎãàÎã§.
