2020-01-27 23:38:38 [INFO ] [] XPayClient initialize [/var/www/html/vmp/plugin/lgxpay/lgdacom] [test]
2020-01-27 23:38:38 [DEBUG] [] Config [server_id] = [01]
2020-01-27 23:38:38 [DEBUG] [] Config [timeout] = [60]
2020-01-27 23:38:38 [DEBUG] [] Config [log_level] = [4]
2020-01-27 23:38:38 [DEBUG] [] Config [verify_cert] = [1]
2020-01-27 23:38:38 [DEBUG] [] Config [verify_host] = [1]
2020-01-27 23:38:38 [DEBUG] [] Config [report_error] = [1]
2020-01-27 23:38:38 [DEBUG] [] Config [output_UTF8] = [1]
2020-01-27 23:38:38 [DEBUG] [] Config [auto_rollback] = [1]
2020-01-27 23:38:38 [DEBUG] [] Config [log_dir] = [/var/www/html/vmp/plugin/lgxpay/lgdacom/log]
2020-01-27 23:38:38 [DEBUG] [] Config [tlgdacomxpay] = [95160cce09854ef44d2edb2bfb05f9f3]
2020-01-27 23:38:38 [DEBUG] [] Config [lgdacomxpay] = [95160cce09854ef44d2edb2bfb05f9f3]
2020-01-27 23:38:38 [DEBUG] [] Config [url] = [https://xpayclient.lgdacom.net/xpay/Gateway.do]
2020-01-27 23:38:38 [DEBUG] [] Config [test_url] = [https://xpayclient.lgdacom.net:7443/xpay/Gateway.do]
2020-01-27 23:38:38 [DEBUG] [] Config [aux_url] = [http://xpayclient.lgdacom.net:7080/xpay/Gateway.do]
2020-01-27 23:38:38 [DEBUG] [tsi_991050-012020012723383836e287d63d5b1333df13e4d099dc5f5c53b08083] Post [LGD_TXID] = [tsi_991050-012020012723383836e287d63d5b1333df13e4d099dc5f5c53b08083]
2020-01-27 23:38:38 [DEBUG] [tsi_991050-012020012723383836e287d63d5b1333df13e4d099dc5f5c53b08083] Post [LGD_AUTHCODE] = [fc4e577a81cce9bf2fe6a0cd39425fd157c759c8]
2020-01-27 23:38:38 [DEBUG] [tsi_991050-012020012723383836e287d63d5b1333df13e4d099dc5f5c53b08083] Post [LGD_MID] = [tsi_991050]
2020-01-27 23:38:38 [DEBUG] [tsi_991050-012020012723383836e287d63d5b1333df13e4d099dc5f5c53b08083] Post [LGD_TXNAME] = [AuthOnlyByKey]
2020-01-27 23:38:38 [DEBUG] [tsi_991050-012020012723383836e287d63d5b1333df13e4d099dc5f5c53b08083] Post [LGD_AUTHONLYKEY] = []
2020-01-27 23:38:38 [DEBUG] [tsi_991050-012020012723383836e287d63d5b1333df13e4d099dc5f5c53b08083] Post [LGD_PAYTYPE] = []
2020-01-27 23:38:38 [DEBUG] [tsi_991050-012020012723383836e287d63d5b1333df13e4d099dc5f5c53b08083] post_string = LGD_TXID=tsi_991050-012020012723383836e287d63d5b1333df13e4d099dc5f5c53b08083&LGD_AUTHCODE=fc4e577a81cce9bf2fe6a0cd39425fd157c759c8&LGD_MID=tsi_991050&LGD_TXNAME=AuthOnlyByKey&LGD_AUTHONLYKEY=&LGD_PAYTYPE=
2020-01-27 23:38:39 [DEBUG] [tsi_991050-012020012723383836e287d63d5b1333df13e4d099dc5f5c53b08083] Result = [









{"LGD_RESPCODE":"XC01","LGD_RESPMSG":"Î≥∏Ïù∏ÌôïÏù∏ ÏöîÏ≤≠ÌÇ§[LGD_AUTHONLYKEY]Í∞Ä ÏóÜÏäµÎãàÎã§.","LGD_RESPONSE":[{"LGD_RESPCODE":"XC01","LGD_HASHDATA":"521f09f038960b1e86692fccd15565c6","LGD_TIMESTAMP":"20200127233838","LGD_RESPMSG":"Î≥∏Ïù∏ÌôïÏù∏ ÏöîÏ≤≠ÌÇ§[LGD_AUTHONLYKEY]Í∞Ä ÏóÜÏäµÎãàÎã§."}]}
]
2020-01-27 23:38:39 [INFO ] [tsi_991050-012020012723383836e287d63d5b1333df13e4d099dc5f5c53b08083] Response Code=[XC01], Msg=[∫ª¿Œ»Æ¿Œ ø‰√ª≈∞[LGD_AUTHONLYKEY]∞° æ¯Ω¿¥œ¥Ÿ.], Count=1
2020-01-27 23:38:39 [DEBUG] [tsi_991050-012020012723383836e287d63d5b1333df13e4d099dc5f5c53b08083] Response (LGD_RESPCODE, 0) = XC01
2020-01-27 23:38:39 [DEBUG] [tsi_991050-012020012723383836e287d63d5b1333df13e4d099dc5f5c53b08083] Response (LGD_HASHDATA, 0) = 521f09f038960b1e86692fccd15565c6
2020-01-27 23:38:39 [DEBUG] [tsi_991050-012020012723383836e287d63d5b1333df13e4d099dc5f5c53b08083] Response (LGD_TIMESTAMP, 0) = 20200127233838
2020-01-27 23:38:39 [DEBUG] [tsi_991050-012020012723383836e287d63d5b1333df13e4d099dc5f5c53b08083] Response (LGD_RESPMSG, 0) = Î≥∏Ïù∏ÌôïÏù∏ ÏöîÏ≤≠ÌÇ§[LGD_AUTHONLYKEY]Í∞Ä ÏóÜÏäµÎãàÎã§.
