2019-03-23 18:30:01 [INFO ] [] XPayClient initialize [/var/www/html/vmp/plugin/lgxpay/lgdacom] [test]
2019-03-23 18:30:01 [DEBUG] [] Config [server_id] = [01]
2019-03-23 18:30:01 [DEBUG] [] Config [timeout] = [60]
2019-03-23 18:30:01 [DEBUG] [] Config [log_level] = [4]
2019-03-23 18:30:01 [DEBUG] [] Config [verify_cert] = [1]
2019-03-23 18:30:01 [DEBUG] [] Config [verify_host] = [1]
2019-03-23 18:30:01 [DEBUG] [] Config [report_error] = [1]
2019-03-23 18:30:01 [DEBUG] [] Config [output_UTF8] = [1]
2019-03-23 18:30:01 [DEBUG] [] Config [auto_rollback] = [1]
2019-03-23 18:30:01 [DEBUG] [] Config [log_dir] = [/var/www/html/vmp/plugin/lgxpay/lgdacom/log]
2019-03-23 18:30:01 [DEBUG] [] Config [tlgdacomxpay] = [95160cce09854ef44d2edb2bfb05f9f3]
2019-03-23 18:30:01 [DEBUG] [] Config [lgdacomxpay] = [95160cce09854ef44d2edb2bfb05f9f3]
2019-03-23 18:30:01 [DEBUG] [] Config [url] = [https://xpayclient.lgdacom.net/xpay/Gateway.do]
2019-03-23 18:30:01 [DEBUG] [] Config [test_url] = [https://xpayclient.lgdacom.net:7443/xpay/Gateway.do]
2019-03-23 18:30:01 [DEBUG] [] Config [aux_url] = [http://xpayclient.lgdacom.net:7080/xpay/Gateway.do]
2019-03-23 18:30:01 [DEBUG] [tsi_991050-0120190323183001030be953e3182687f55f72474a51ab36810a53b9] Post [LGD_TXID] = [tsi_991050-0120190323183001030be953e3182687f55f72474a51ab36810a53b9]
2019-03-23 18:30:01 [DEBUG] [tsi_991050-0120190323183001030be953e3182687f55f72474a51ab36810a53b9] Post [LGD_AUTHCODE] = [2579bea0864a8f949cf3905c0d882ecf3618d62a]
2019-03-23 18:30:01 [DEBUG] [tsi_991050-0120190323183001030be953e3182687f55f72474a51ab36810a53b9] Post [LGD_MID] = [tsi_991050]
2019-03-23 18:30:01 [DEBUG] [tsi_991050-0120190323183001030be953e3182687f55f72474a51ab36810a53b9] Post [LGD_TXNAME] = [AuthOnlyByKey]
2019-03-23 18:30:01 [DEBUG] [tsi_991050-0120190323183001030be953e3182687f55f72474a51ab36810a53b9] Post [LGD_AUTHONLYKEY] = []
2019-03-23 18:30:01 [DEBUG] [tsi_991050-0120190323183001030be953e3182687f55f72474a51ab36810a53b9] Post [LGD_PAYTYPE] = []
2019-03-23 18:30:01 [DEBUG] [tsi_991050-0120190323183001030be953e3182687f55f72474a51ab36810a53b9] post_string = LGD_TXID=tsi_991050-0120190323183001030be953e3182687f55f72474a51ab36810a53b9&LGD_AUTHCODE=2579bea0864a8f949cf3905c0d882ecf3618d62a&LGD_MID=tsi_991050&LGD_TXNAME=AuthOnlyByKey&LGD_AUTHONLYKEY=&LGD_PAYTYPE=
2019-03-23 18:30:01 [DEBUG] [tsi_991050-0120190323183001030be953e3182687f55f72474a51ab36810a53b9] Result = [









{"LGD_RESPCODE":"XC01","LGD_RESPMSG":"Î≥∏Ïù∏ÌôïÏù∏ ÏöîÏ≤≠ÌÇ§[LGD_AUTHONLYKEY]Í∞Ä ÏóÜÏäµÎãàÎã§.","LGD_RESPONSE":[{"LGD_RESPCODE":"XC01","LGD_HASHDATA":"93e0a11b359670d6f2f51482e21e9dc2","LGD_TIMESTAMP":"20190323183001","LGD_RESPMSG":"Î≥∏Ïù∏ÌôïÏù∏ ÏöîÏ≤≠ÌÇ§[LGD_AUTHONLYKEY]Í∞Ä ÏóÜÏäµÎãàÎã§."}]}
]
2019-03-23 18:30:01 [INFO ] [tsi_991050-0120190323183001030be953e3182687f55f72474a51ab36810a53b9] Response Code=[XC01], Msg=[∫ª¿Œ»Æ¿Œ ø‰√ª≈∞[LGD_AUTHONLYKEY]∞° æ¯Ω¿¥œ¥Ÿ.], Count=1
2019-03-23 18:30:01 [DEBUG] [tsi_991050-0120190323183001030be953e3182687f55f72474a51ab36810a53b9] Response (LGD_RESPCODE, 0) = XC01
2019-03-23 18:30:01 [DEBUG] [tsi_991050-0120190323183001030be953e3182687f55f72474a51ab36810a53b9] Response (LGD_HASHDATA, 0) = 93e0a11b359670d6f2f51482e21e9dc2
2019-03-23 18:30:01 [DEBUG] [tsi_991050-0120190323183001030be953e3182687f55f72474a51ab36810a53b9] Response (LGD_TIMESTAMP, 0) = 20190323183001
2019-03-23 18:30:01 [DEBUG] [tsi_991050-0120190323183001030be953e3182687f55f72474a51ab36810a53b9] Response (LGD_RESPMSG, 0) = Î≥∏Ïù∏ÌôïÏù∏ ÏöîÏ≤≠ÌÇ§[LGD_AUTHONLYKEY]Í∞Ä ÏóÜÏäµÎãàÎã§.
