2019-11-24 00:35:28 [INFO ] [] XPayClient initialize [/var/www/html/vmp/plugin/lgxpay/lgdacom] [test]
2019-11-24 00:35:28 [DEBUG] [] Config [server_id] = [01]
2019-11-24 00:35:28 [DEBUG] [] Config [timeout] = [60]
2019-11-24 00:35:28 [DEBUG] [] Config [log_level] = [4]
2019-11-24 00:35:28 [DEBUG] [] Config [verify_cert] = [1]
2019-11-24 00:35:28 [DEBUG] [] Config [verify_host] = [1]
2019-11-24 00:35:28 [DEBUG] [] Config [report_error] = [1]
2019-11-24 00:35:28 [DEBUG] [] Config [output_UTF8] = [1]
2019-11-24 00:35:28 [DEBUG] [] Config [auto_rollback] = [1]
2019-11-24 00:35:28 [DEBUG] [] Config [log_dir] = [/var/www/html/vmp/plugin/lgxpay/lgdacom/log]
2019-11-24 00:35:28 [DEBUG] [] Config [tlgdacomxpay] = [95160cce09854ef44d2edb2bfb05f9f3]
2019-11-24 00:35:28 [DEBUG] [] Config [lgdacomxpay] = [95160cce09854ef44d2edb2bfb05f9f3]
2019-11-24 00:35:28 [DEBUG] [] Config [url] = [https://xpayclient.lgdacom.net/xpay/Gateway.do]
2019-11-24 00:35:28 [DEBUG] [] Config [test_url] = [https://xpayclient.lgdacom.net:7443/xpay/Gateway.do]
2019-11-24 00:35:28 [DEBUG] [] Config [aux_url] = [http://xpayclient.lgdacom.net:7080/xpay/Gateway.do]
2019-11-24 00:35:28 [DEBUG] [tsi_991050-0120191124003528844d457b9310c653545d06386ba98f7193065dc3] Post [LGD_TXID] = [tsi_991050-0120191124003528844d457b9310c653545d06386ba98f7193065dc3]
2019-11-24 00:35:28 [DEBUG] [tsi_991050-0120191124003528844d457b9310c653545d06386ba98f7193065dc3] Post [LGD_AUTHCODE] = [bcad0e97599c2fa460f4bf3e8684abee1d676b46]
2019-11-24 00:35:28 [DEBUG] [tsi_991050-0120191124003528844d457b9310c653545d06386ba98f7193065dc3] Post [LGD_MID] = [tsi_991050]
2019-11-24 00:35:28 [DEBUG] [tsi_991050-0120191124003528844d457b9310c653545d06386ba98f7193065dc3] Post [LGD_TXNAME] = [AuthOnlyByKey]
2019-11-24 00:35:28 [DEBUG] [tsi_991050-0120191124003528844d457b9310c653545d06386ba98f7193065dc3] Post [LGD_AUTHONLYKEY] = []
2019-11-24 00:35:28 [DEBUG] [tsi_991050-0120191124003528844d457b9310c653545d06386ba98f7193065dc3] Post [LGD_PAYTYPE] = []
2019-11-24 00:35:28 [DEBUG] [tsi_991050-0120191124003528844d457b9310c653545d06386ba98f7193065dc3] post_string = LGD_TXID=tsi_991050-0120191124003528844d457b9310c653545d06386ba98f7193065dc3&LGD_AUTHCODE=bcad0e97599c2fa460f4bf3e8684abee1d676b46&LGD_MID=tsi_991050&LGD_TXNAME=AuthOnlyByKey&LGD_AUTHONLYKEY=&LGD_PAYTYPE=
2019-11-24 00:35:28 [DEBUG] [tsi_991050-0120191124003528844d457b9310c653545d06386ba98f7193065dc3] Result = [









{"LGD_RESPCODE":"XC01","LGD_RESPMSG":"Î≥∏Ïù∏ÌôïÏù∏ ÏöîÏ≤≠ÌÇ§[LGD_AUTHONLYKEY]Í∞Ä ÏóÜÏäµÎãàÎã§.","LGD_RESPONSE":[{"LGD_RESPCODE":"XC01","LGD_HASHDATA":"633c756be9d8c95b1e57f991d9666db7","LGD_TIMESTAMP":"20191124003528","LGD_RESPMSG":"Î≥∏Ïù∏ÌôïÏù∏ ÏöîÏ≤≠ÌÇ§[LGD_AUTHONLYKEY]Í∞Ä ÏóÜÏäµÎãàÎã§."}]}
]
2019-11-24 00:35:28 [INFO ] [tsi_991050-0120191124003528844d457b9310c653545d06386ba98f7193065dc3] Response Code=[XC01], Msg=[∫ª¿Œ»Æ¿Œ ø‰√ª≈∞[LGD_AUTHONLYKEY]∞° æ¯Ω¿¥œ¥Ÿ.], Count=1
2019-11-24 00:35:28 [DEBUG] [tsi_991050-0120191124003528844d457b9310c653545d06386ba98f7193065dc3] Response (LGD_RESPCODE, 0) = XC01
2019-11-24 00:35:28 [DEBUG] [tsi_991050-0120191124003528844d457b9310c653545d06386ba98f7193065dc3] Response (LGD_HASHDATA, 0) = 633c756be9d8c95b1e57f991d9666db7
2019-11-24 00:35:28 [DEBUG] [tsi_991050-0120191124003528844d457b9310c653545d06386ba98f7193065dc3] Response (LGD_TIMESTAMP, 0) = 20191124003528
2019-11-24 00:35:28 [DEBUG] [tsi_991050-0120191124003528844d457b9310c653545d06386ba98f7193065dc3] Response (LGD_RESPMSG, 0) = Î≥∏Ïù∏ÌôïÏù∏ ÏöîÏ≤≠ÌÇ§[LGD_AUTHONLYKEY]Í∞Ä ÏóÜÏäµÎãàÎã§.
2019-11-24 10:44:48 [INFO ] [] XPayClient initialize [/var/www/html/vmp/plugin/lgxpay/lgdacom] [test]
2019-11-24 10:44:48 [DEBUG] [] Config [server_id] = [01]
2019-11-24 10:44:48 [DEBUG] [] Config [timeout] = [60]
2019-11-24 10:44:48 [DEBUG] [] Config [log_level] = [4]
2019-11-24 10:44:48 [DEBUG] [] Config [verify_cert] = [1]
2019-11-24 10:44:48 [DEBUG] [] Config [verify_host] = [1]
2019-11-24 10:44:48 [DEBUG] [] Config [report_error] = [1]
2019-11-24 10:44:48 [DEBUG] [] Config [output_UTF8] = [1]
2019-11-24 10:44:48 [DEBUG] [] Config [auto_rollback] = [1]
2019-11-24 10:44:48 [DEBUG] [] Config [log_dir] = [/var/www/html/vmp/plugin/lgxpay/lgdacom/log]
2019-11-24 10:44:48 [DEBUG] [] Config [tlgdacomxpay] = [95160cce09854ef44d2edb2bfb05f9f3]
2019-11-24 10:44:48 [DEBUG] [] Config [lgdacomxpay] = [95160cce09854ef44d2edb2bfb05f9f3]
2019-11-24 10:44:48 [DEBUG] [] Config [url] = [https://xpayclient.lgdacom.net/xpay/Gateway.do]
2019-11-24 10:44:48 [DEBUG] [] Config [test_url] = [https://xpayclient.lgdacom.net:7443/xpay/Gateway.do]
2019-11-24 10:44:48 [DEBUG] [] Config [aux_url] = [http://xpayclient.lgdacom.net:7080/xpay/Gateway.do]
2019-11-24 10:44:48 [DEBUG] [tsi_991050-0120191124104448147cff8a6fa4268d5415a29fbe9cf5342f4f4b6d] Post [LGD_TXID] = [tsi_991050-0120191124104448147cff8a6fa4268d5415a29fbe9cf5342f4f4b6d]
2019-11-24 10:44:48 [DEBUG] [tsi_991050-0120191124104448147cff8a6fa4268d5415a29fbe9cf5342f4f4b6d] Post [LGD_AUTHCODE] = [e4d08f14f9242824105b9057c4612fb2538af7d0]
2019-11-24 10:44:48 [DEBUG] [tsi_991050-0120191124104448147cff8a6fa4268d5415a29fbe9cf5342f4f4b6d] Post [LGD_MID] = [tsi_991050]
2019-11-24 10:44:48 [DEBUG] [tsi_991050-0120191124104448147cff8a6fa4268d5415a29fbe9cf5342f4f4b6d] Post [LGD_TXNAME] = [AuthOnlyByKey]
2019-11-24 10:44:48 [DEBUG] [tsi_991050-0120191124104448147cff8a6fa4268d5415a29fbe9cf5342f4f4b6d] Post [LGD_AUTHONLYKEY] = []
2019-11-24 10:44:48 [DEBUG] [tsi_991050-0120191124104448147cff8a6fa4268d5415a29fbe9cf5342f4f4b6d] Post [LGD_PAYTYPE] = []
2019-11-24 10:44:48 [DEBUG] [tsi_991050-0120191124104448147cff8a6fa4268d5415a29fbe9cf5342f4f4b6d] post_string = LGD_TXID=tsi_991050-0120191124104448147cff8a6fa4268d5415a29fbe9cf5342f4f4b6d&LGD_AUTHCODE=e4d08f14f9242824105b9057c4612fb2538af7d0&LGD_MID=tsi_991050&LGD_TXNAME=AuthOnlyByKey&LGD_AUTHONLYKEY=&LGD_PAYTYPE=
2019-11-24 10:44:48 [DEBUG] [tsi_991050-0120191124104448147cff8a6fa4268d5415a29fbe9cf5342f4f4b6d] Result = [









{"LGD_RESPCODE":"XC01","LGD_RESPMSG":"Î≥∏Ïù∏ÌôïÏù∏ ÏöîÏ≤≠ÌÇ§[LGD_AUTHONLYKEY]Í∞Ä ÏóÜÏäµÎãàÎã§.","LGD_RESPONSE":[{"LGD_RESPCODE":"XC01","LGD_HASHDATA":"ee57db990f2d1cf748ad4e4cc82fa572","LGD_TIMESTAMP":"20191124104448","LGD_RESPMSG":"Î≥∏Ïù∏ÌôïÏù∏ ÏöîÏ≤≠ÌÇ§[LGD_AUTHONLYKEY]Í∞Ä ÏóÜÏäµÎãàÎã§."}]}
]
2019-11-24 10:44:48 [INFO ] [tsi_991050-0120191124104448147cff8a6fa4268d5415a29fbe9cf5342f4f4b6d] Response Code=[XC01], Msg=[∫ª¿Œ»Æ¿Œ ø‰√ª≈∞[LGD_AUTHONLYKEY]∞° æ¯Ω¿¥œ¥Ÿ.], Count=1
2019-11-24 10:44:48 [DEBUG] [tsi_991050-0120191124104448147cff8a6fa4268d5415a29fbe9cf5342f4f4b6d] Response (LGD_RESPCODE, 0) = XC01
2019-11-24 10:44:48 [DEBUG] [tsi_991050-0120191124104448147cff8a6fa4268d5415a29fbe9cf5342f4f4b6d] Response (LGD_HASHDATA, 0) = ee57db990f2d1cf748ad4e4cc82fa572
2019-11-24 10:44:48 [DEBUG] [tsi_991050-0120191124104448147cff8a6fa4268d5415a29fbe9cf5342f4f4b6d] Response (LGD_TIMESTAMP, 0) = 20191124104448
2019-11-24 10:44:48 [DEBUG] [tsi_991050-0120191124104448147cff8a6fa4268d5415a29fbe9cf5342f4f4b6d] Response (LGD_RESPMSG, 0) = Î≥∏Ïù∏ÌôïÏù∏ ÏöîÏ≤≠ÌÇ§[LGD_AUTHONLYKEY]Í∞Ä ÏóÜÏäµÎãàÎã§.
