2020-06-07 07:02:45 [INFO ] [] XPayClient initialize [/var/www/html/vmp/plugin/lgxpay/lgdacom] [test]
2020-06-07 07:02:45 [DEBUG] [] Config [server_id] = [01]
2020-06-07 07:02:45 [DEBUG] [] Config [timeout] = [60]
2020-06-07 07:02:45 [DEBUG] [] Config [log_level] = [4]
2020-06-07 07:02:45 [DEBUG] [] Config [verify_cert] = [1]
2020-06-07 07:02:45 [DEBUG] [] Config [verify_host] = [1]
2020-06-07 07:02:45 [DEBUG] [] Config [report_error] = [1]
2020-06-07 07:02:45 [DEBUG] [] Config [output_UTF8] = [1]
2020-06-07 07:02:45 [DEBUG] [] Config [auto_rollback] = [1]
2020-06-07 07:02:45 [DEBUG] [] Config [log_dir] = [/var/www/html/vmp/plugin/lgxpay/lgdacom/log]
2020-06-07 07:02:45 [DEBUG] [] Config [tlgdacomxpay] = [95160cce09854ef44d2edb2bfb05f9f3]
2020-06-07 07:02:45 [DEBUG] [] Config [lgdacomxpay] = [95160cce09854ef44d2edb2bfb05f9f3]
2020-06-07 07:02:45 [DEBUG] [] Config [url] = [https://xpayclient.lgdacom.net/xpay/Gateway.do]
2020-06-07 07:02:45 [DEBUG] [] Config [test_url] = [https://xpayclient.lgdacom.net:7443/xpay/Gateway.do]
2020-06-07 07:02:45 [DEBUG] [] Config [aux_url] = [http://xpayclient.lgdacom.net:7080/xpay/Gateway.do]
2020-06-07 07:02:45 [DEBUG] [tsi_991050-01202006070702459ac9c32f50bda98266cd8007fe5fc8dfc5a24a6a] Post [LGD_TXID] = [tsi_991050-01202006070702459ac9c32f50bda98266cd8007fe5fc8dfc5a24a6a]
2020-06-07 07:02:45 [DEBUG] [tsi_991050-01202006070702459ac9c32f50bda98266cd8007fe5fc8dfc5a24a6a] Post [LGD_AUTHCODE] = [1050f0fb1c5b3861cf02d96617ae21bc092f5eb9]
2020-06-07 07:02:45 [DEBUG] [tsi_991050-01202006070702459ac9c32f50bda98266cd8007fe5fc8dfc5a24a6a] Post [LGD_MID] = [tsi_991050]
2020-06-07 07:02:45 [DEBUG] [tsi_991050-01202006070702459ac9c32f50bda98266cd8007fe5fc8dfc5a24a6a] Post [LGD_TXNAME] = [AuthOnlyByKey]
2020-06-07 07:02:45 [DEBUG] [tsi_991050-01202006070702459ac9c32f50bda98266cd8007fe5fc8dfc5a24a6a] Post [LGD_AUTHONLYKEY] = []
2020-06-07 07:02:45 [DEBUG] [tsi_991050-01202006070702459ac9c32f50bda98266cd8007fe5fc8dfc5a24a6a] Post [LGD_PAYTYPE] = []
2020-06-07 07:02:45 [DEBUG] [tsi_991050-01202006070702459ac9c32f50bda98266cd8007fe5fc8dfc5a24a6a] post_string = LGD_TXID=tsi_991050-01202006070702459ac9c32f50bda98266cd8007fe5fc8dfc5a24a6a&LGD_AUTHCODE=1050f0fb1c5b3861cf02d96617ae21bc092f5eb9&LGD_MID=tsi_991050&LGD_TXNAME=AuthOnlyByKey&LGD_AUTHONLYKEY=&LGD_PAYTYPE=
2020-06-07 07:02:46 [DEBUG] [tsi_991050-01202006070702459ac9c32f50bda98266cd8007fe5fc8dfc5a24a6a] Result = [









{"LGD_RESPCODE":"XC01","LGD_RESPMSG":"Î≥∏Ïù∏ÌôïÏù∏ ÏöîÏ≤≠ÌÇ§[LGD_AUTHONLYKEY]Í∞Ä ÏóÜÏäµÎãàÎã§.","LGD_RESPONSE":[{"LGD_RESPCODE":"XC01","LGD_HASHDATA":"ca3371cb0f872aa12bc3d79df2c4ce77","LGD_TIMESTAMP":"20200607070246","LGD_RESPMSG":"Î≥∏Ïù∏ÌôïÏù∏ ÏöîÏ≤≠ÌÇ§[LGD_AUTHONLYKEY]Í∞Ä ÏóÜÏäµÎãàÎã§."}]}
]
2020-06-07 07:02:46 [INFO ] [tsi_991050-01202006070702459ac9c32f50bda98266cd8007fe5fc8dfc5a24a6a] Response Code=[XC01], Msg=[∫ª¿Œ»Æ¿Œ ø‰√ª≈∞[LGD_AUTHONLYKEY]∞° æ¯Ω¿¥œ¥Ÿ.], Count=1
2020-06-07 07:02:46 [DEBUG] [tsi_991050-01202006070702459ac9c32f50bda98266cd8007fe5fc8dfc5a24a6a] Response (LGD_RESPCODE, 0) = XC01
2020-06-07 07:02:46 [DEBUG] [tsi_991050-01202006070702459ac9c32f50bda98266cd8007fe5fc8dfc5a24a6a] Response (LGD_HASHDATA, 0) = ca3371cb0f872aa12bc3d79df2c4ce77
2020-06-07 07:02:46 [DEBUG] [tsi_991050-01202006070702459ac9c32f50bda98266cd8007fe5fc8dfc5a24a6a] Response (LGD_TIMESTAMP, 0) = 20200607070246
2020-06-07 07:02:46 [DEBUG] [tsi_991050-01202006070702459ac9c32f50bda98266cd8007fe5fc8dfc5a24a6a] Response (LGD_RESPMSG, 0) = Î≥∏Ïù∏ÌôïÏù∏ ÏöîÏ≤≠ÌÇ§[LGD_AUTHONLYKEY]Í∞Ä ÏóÜÏäµÎãàÎã§.
