2019-10-01 01:10:23 [INFO ] [] XPayClient initialize [/var/www/html/vmp/plugin/lgxpay/lgdacom] [test]
2019-10-01 01:10:23 [DEBUG] [] Config [server_id] = [01]
2019-10-01 01:10:23 [DEBUG] [] Config [timeout] = [60]
2019-10-01 01:10:23 [DEBUG] [] Config [log_level] = [4]
2019-10-01 01:10:23 [DEBUG] [] Config [verify_cert] = [1]
2019-10-01 01:10:23 [DEBUG] [] Config [verify_host] = [1]
2019-10-01 01:10:23 [DEBUG] [] Config [report_error] = [1]
2019-10-01 01:10:23 [DEBUG] [] Config [output_UTF8] = [1]
2019-10-01 01:10:23 [DEBUG] [] Config [auto_rollback] = [1]
2019-10-01 01:10:23 [DEBUG] [] Config [log_dir] = [/var/www/html/vmp/plugin/lgxpay/lgdacom/log]
2019-10-01 01:10:23 [DEBUG] [] Config [tlgdacomxpay] = [95160cce09854ef44d2edb2bfb05f9f3]
2019-10-01 01:10:23 [DEBUG] [] Config [lgdacomxpay] = [95160cce09854ef44d2edb2bfb05f9f3]
2019-10-01 01:10:23 [DEBUG] [] Config [url] = [https://xpayclient.lgdacom.net/xpay/Gateway.do]
2019-10-01 01:10:23 [DEBUG] [] Config [test_url] = [https://xpayclient.lgdacom.net:7443/xpay/Gateway.do]
2019-10-01 01:10:23 [DEBUG] [] Config [aux_url] = [http://xpayclient.lgdacom.net:7080/xpay/Gateway.do]
2019-10-01 01:10:23 [DEBUG] [tsi_991050-0120191001011023ffd5b9706f48fa4da76463c193788859336f57a5] Post [LGD_TXID] = [tsi_991050-0120191001011023ffd5b9706f48fa4da76463c193788859336f57a5]
2019-10-01 01:10:23 [DEBUG] [tsi_991050-0120191001011023ffd5b9706f48fa4da76463c193788859336f57a5] Post [LGD_AUTHCODE] = [a97c199cba213b994cd4d1f6a03548f8b7d3f6a0]
2019-10-01 01:10:23 [DEBUG] [tsi_991050-0120191001011023ffd5b9706f48fa4da76463c193788859336f57a5] Post [LGD_MID] = [tsi_991050]
2019-10-01 01:10:23 [DEBUG] [tsi_991050-0120191001011023ffd5b9706f48fa4da76463c193788859336f57a5] Post [LGD_TXNAME] = [AuthOnlyByKey]
2019-10-01 01:10:23 [DEBUG] [tsi_991050-0120191001011023ffd5b9706f48fa4da76463c193788859336f57a5] Post [LGD_AUTHONLYKEY] = []
2019-10-01 01:10:23 [DEBUG] [tsi_991050-0120191001011023ffd5b9706f48fa4da76463c193788859336f57a5] Post [LGD_PAYTYPE] = []
2019-10-01 01:10:23 [DEBUG] [tsi_991050-0120191001011023ffd5b9706f48fa4da76463c193788859336f57a5] post_string = LGD_TXID=tsi_991050-0120191001011023ffd5b9706f48fa4da76463c193788859336f57a5&LGD_AUTHCODE=a97c199cba213b994cd4d1f6a03548f8b7d3f6a0&LGD_MID=tsi_991050&LGD_TXNAME=AuthOnlyByKey&LGD_AUTHONLYKEY=&LGD_PAYTYPE=
2019-10-01 01:10:23 [DEBUG] [tsi_991050-0120191001011023ffd5b9706f48fa4da76463c193788859336f57a5] Result = [









{"LGD_RESPCODE":"XC01","LGD_RESPMSG":"Î≥∏Ïù∏ÌôïÏù∏ ÏöîÏ≤≠ÌÇ§[LGD_AUTHONLYKEY]Í∞Ä ÏóÜÏäµÎãàÎã§.","LGD_RESPONSE":[{"LGD_RESPCODE":"XC01","LGD_HASHDATA":"8ffa851db3f245f553544baa65eeef56","LGD_TIMESTAMP":"20191001011023","LGD_RESPMSG":"Î≥∏Ïù∏ÌôïÏù∏ ÏöîÏ≤≠ÌÇ§[LGD_AUTHONLYKEY]Í∞Ä ÏóÜÏäµÎãàÎã§."}]}
]
2019-10-01 01:10:23 [INFO ] [tsi_991050-0120191001011023ffd5b9706f48fa4da76463c193788859336f57a5] Response Code=[XC01], Msg=[∫ª¿Œ»Æ¿Œ ø‰√ª≈∞[LGD_AUTHONLYKEY]∞° æ¯Ω¿¥œ¥Ÿ.], Count=1
2019-10-01 01:10:23 [DEBUG] [tsi_991050-0120191001011023ffd5b9706f48fa4da76463c193788859336f57a5] Response (LGD_RESPCODE, 0) = XC01
2019-10-01 01:10:23 [DEBUG] [tsi_991050-0120191001011023ffd5b9706f48fa4da76463c193788859336f57a5] Response (LGD_HASHDATA, 0) = 8ffa851db3f245f553544baa65eeef56
2019-10-01 01:10:23 [DEBUG] [tsi_991050-0120191001011023ffd5b9706f48fa4da76463c193788859336f57a5] Response (LGD_TIMESTAMP, 0) = 20191001011023
2019-10-01 01:10:23 [DEBUG] [tsi_991050-0120191001011023ffd5b9706f48fa4da76463c193788859336f57a5] Response (LGD_RESPMSG, 0) = Î≥∏Ïù∏ÌôïÏù∏ ÏöîÏ≤≠ÌÇ§[LGD_AUTHONLYKEY]Í∞Ä ÏóÜÏäµÎãàÎã§.
