2020-04-12 01:16:21 [INFO ] [] XPayClient initialize [/var/www/html/vmp/plugin/lgxpay/lgdacom] [test]
2020-04-12 01:16:21 [DEBUG] [] Config [server_id] = [01]
2020-04-12 01:16:21 [DEBUG] [] Config [timeout] = [60]
2020-04-12 01:16:21 [DEBUG] [] Config [log_level] = [4]
2020-04-12 01:16:21 [DEBUG] [] Config [verify_cert] = [1]
2020-04-12 01:16:21 [DEBUG] [] Config [verify_host] = [1]
2020-04-12 01:16:21 [DEBUG] [] Config [report_error] = [1]
2020-04-12 01:16:21 [DEBUG] [] Config [output_UTF8] = [1]
2020-04-12 01:16:21 [DEBUG] [] Config [auto_rollback] = [1]
2020-04-12 01:16:21 [DEBUG] [] Config [log_dir] = [/var/www/html/vmp/plugin/lgxpay/lgdacom/log]
2020-04-12 01:16:21 [DEBUG] [] Config [tlgdacomxpay] = [95160cce09854ef44d2edb2bfb05f9f3]
2020-04-12 01:16:21 [DEBUG] [] Config [lgdacomxpay] = [95160cce09854ef44d2edb2bfb05f9f3]
2020-04-12 01:16:21 [DEBUG] [] Config [url] = [https://xpayclient.lgdacom.net/xpay/Gateway.do]
2020-04-12 01:16:21 [DEBUG] [] Config [test_url] = [https://xpayclient.lgdacom.net:7443/xpay/Gateway.do]
2020-04-12 01:16:21 [DEBUG] [] Config [aux_url] = [http://xpayclient.lgdacom.net:7080/xpay/Gateway.do]
2020-04-12 01:16:21 [DEBUG] [tsi_991050-01202004120116216155945ef34adafbe4ac43b7578855e571022898] Post [LGD_TXID] = [tsi_991050-01202004120116216155945ef34adafbe4ac43b7578855e571022898]
2020-04-12 01:16:21 [DEBUG] [tsi_991050-01202004120116216155945ef34adafbe4ac43b7578855e571022898] Post [LGD_AUTHCODE] = [38e3c8262e67b76ff39a55645c9d6e6d99a93880]
2020-04-12 01:16:21 [DEBUG] [tsi_991050-01202004120116216155945ef34adafbe4ac43b7578855e571022898] Post [LGD_MID] = [tsi_991050]
2020-04-12 01:16:21 [DEBUG] [tsi_991050-01202004120116216155945ef34adafbe4ac43b7578855e571022898] Post [LGD_TXNAME] = [AuthOnlyByKey]
2020-04-12 01:16:21 [DEBUG] [tsi_991050-01202004120116216155945ef34adafbe4ac43b7578855e571022898] Post [LGD_AUTHONLYKEY] = []
2020-04-12 01:16:21 [DEBUG] [tsi_991050-01202004120116216155945ef34adafbe4ac43b7578855e571022898] Post [LGD_PAYTYPE] = []
2020-04-12 01:16:21 [DEBUG] [tsi_991050-01202004120116216155945ef34adafbe4ac43b7578855e571022898] post_string = LGD_TXID=tsi_991050-01202004120116216155945ef34adafbe4ac43b7578855e571022898&LGD_AUTHCODE=38e3c8262e67b76ff39a55645c9d6e6d99a93880&LGD_MID=tsi_991050&LGD_TXNAME=AuthOnlyByKey&LGD_AUTHONLYKEY=&LGD_PAYTYPE=
2020-04-12 01:16:21 [DEBUG] [tsi_991050-01202004120116216155945ef34adafbe4ac43b7578855e571022898] Result = [









{"LGD_RESPCODE":"XC01","LGD_RESPMSG":"Î≥∏Ïù∏ÌôïÏù∏ ÏöîÏ≤≠ÌÇ§[LGD_AUTHONLYKEY]Í∞Ä ÏóÜÏäµÎãàÎã§.","LGD_RESPONSE":[{"LGD_RESPCODE":"XC01","LGD_HASHDATA":"5d681ab72444e51544a2b143df7a1deb","LGD_TIMESTAMP":"20200412011621","LGD_RESPMSG":"Î≥∏Ïù∏ÌôïÏù∏ ÏöîÏ≤≠ÌÇ§[LGD_AUTHONLYKEY]Í∞Ä ÏóÜÏäµÎãàÎã§."}]}
]
2020-04-12 01:16:21 [INFO ] [tsi_991050-01202004120116216155945ef34adafbe4ac43b7578855e571022898] Response Code=[XC01], Msg=[∫ª¿Œ»Æ¿Œ ø‰√ª≈∞[LGD_AUTHONLYKEY]∞° æ¯Ω¿¥œ¥Ÿ.], Count=1
2020-04-12 01:16:21 [DEBUG] [tsi_991050-01202004120116216155945ef34adafbe4ac43b7578855e571022898] Response (LGD_RESPCODE, 0) = XC01
2020-04-12 01:16:21 [DEBUG] [tsi_991050-01202004120116216155945ef34adafbe4ac43b7578855e571022898] Response (LGD_HASHDATA, 0) = 5d681ab72444e51544a2b143df7a1deb
2020-04-12 01:16:21 [DEBUG] [tsi_991050-01202004120116216155945ef34adafbe4ac43b7578855e571022898] Response (LGD_TIMESTAMP, 0) = 20200412011621
2020-04-12 01:16:21 [DEBUG] [tsi_991050-01202004120116216155945ef34adafbe4ac43b7578855e571022898] Response (LGD_RESPMSG, 0) = Î≥∏Ïù∏ÌôïÏù∏ ÏöîÏ≤≠ÌÇ§[LGD_AUTHONLYKEY]Í∞Ä ÏóÜÏäµÎãàÎã§.
2020-04-12 10:08:19 [INFO ] [] XPayClient initialize [/var/www/html/vmp/plugin/lgxpay/lgdacom] [test]
2020-04-12 10:08:19 [DEBUG] [] Config [server_id] = [01]
2020-04-12 10:08:19 [DEBUG] [] Config [timeout] = [60]
2020-04-12 10:08:19 [DEBUG] [] Config [log_level] = [4]
2020-04-12 10:08:19 [DEBUG] [] Config [verify_cert] = [1]
2020-04-12 10:08:19 [DEBUG] [] Config [verify_host] = [1]
2020-04-12 10:08:19 [DEBUG] [] Config [report_error] = [1]
2020-04-12 10:08:19 [DEBUG] [] Config [output_UTF8] = [1]
2020-04-12 10:08:19 [DEBUG] [] Config [auto_rollback] = [1]
2020-04-12 10:08:19 [DEBUG] [] Config [log_dir] = [/var/www/html/vmp/plugin/lgxpay/lgdacom/log]
2020-04-12 10:08:19 [DEBUG] [] Config [tlgdacomxpay] = [95160cce09854ef44d2edb2bfb05f9f3]
2020-04-12 10:08:19 [DEBUG] [] Config [lgdacomxpay] = [95160cce09854ef44d2edb2bfb05f9f3]
2020-04-12 10:08:19 [DEBUG] [] Config [url] = [https://xpayclient.lgdacom.net/xpay/Gateway.do]
2020-04-12 10:08:19 [DEBUG] [] Config [test_url] = [https://xpayclient.lgdacom.net:7443/xpay/Gateway.do]
2020-04-12 10:08:19 [DEBUG] [] Config [aux_url] = [http://xpayclient.lgdacom.net:7080/xpay/Gateway.do]
2020-04-12 10:08:19 [DEBUG] [tsi_991050-0120200412100819d4c211e3e7d1489ab3dc4e1621cd1a3ae9a57043] Post [LGD_TXID] = [tsi_991050-0120200412100819d4c211e3e7d1489ab3dc4e1621cd1a3ae9a57043]
2020-04-12 10:08:19 [DEBUG] [tsi_991050-0120200412100819d4c211e3e7d1489ab3dc4e1621cd1a3ae9a57043] Post [LGD_AUTHCODE] = [a04c25fd7cd94d27d94202d9134dcedcfce2c4b9]
2020-04-12 10:08:19 [DEBUG] [tsi_991050-0120200412100819d4c211e3e7d1489ab3dc4e1621cd1a3ae9a57043] Post [LGD_MID] = [tsi_991050]
2020-04-12 10:08:19 [DEBUG] [tsi_991050-0120200412100819d4c211e3e7d1489ab3dc4e1621cd1a3ae9a57043] Post [LGD_TXNAME] = [AuthOnlyByKey]
2020-04-12 10:08:19 [DEBUG] [tsi_991050-0120200412100819d4c211e3e7d1489ab3dc4e1621cd1a3ae9a57043] Post [LGD_AUTHONLYKEY] = []
2020-04-12 10:08:19 [DEBUG] [tsi_991050-0120200412100819d4c211e3e7d1489ab3dc4e1621cd1a3ae9a57043] Post [LGD_PAYTYPE] = []
2020-04-12 10:08:19 [DEBUG] [tsi_991050-0120200412100819d4c211e3e7d1489ab3dc4e1621cd1a3ae9a57043] post_string = LGD_TXID=tsi_991050-0120200412100819d4c211e3e7d1489ab3dc4e1621cd1a3ae9a57043&LGD_AUTHCODE=a04c25fd7cd94d27d94202d9134dcedcfce2c4b9&LGD_MID=tsi_991050&LGD_TXNAME=AuthOnlyByKey&LGD_AUTHONLYKEY=&LGD_PAYTYPE=
2020-04-12 10:08:19 [DEBUG] [tsi_991050-0120200412100819d4c211e3e7d1489ab3dc4e1621cd1a3ae9a57043] Result = [









{"LGD_RESPCODE":"XC01","LGD_RESPMSG":"Î≥∏Ïù∏ÌôïÏù∏ ÏöîÏ≤≠ÌÇ§[LGD_AUTHONLYKEY]Í∞Ä ÏóÜÏäµÎãàÎã§.","LGD_RESPONSE":[{"LGD_RESPCODE":"XC01","LGD_HASHDATA":"d970d2321ee4c67f959f775a2f03c70f","LGD_TIMESTAMP":"20200412100819","LGD_RESPMSG":"Î≥∏Ïù∏ÌôïÏù∏ ÏöîÏ≤≠ÌÇ§[LGD_AUTHONLYKEY]Í∞Ä ÏóÜÏäµÎãàÎã§."}]}
]
2020-04-12 10:08:19 [INFO ] [tsi_991050-0120200412100819d4c211e3e7d1489ab3dc4e1621cd1a3ae9a57043] Response Code=[XC01], Msg=[∫ª¿Œ»Æ¿Œ ø‰√ª≈∞[LGD_AUTHONLYKEY]∞° æ¯Ω¿¥œ¥Ÿ.], Count=1
2020-04-12 10:08:19 [DEBUG] [tsi_991050-0120200412100819d4c211e3e7d1489ab3dc4e1621cd1a3ae9a57043] Response (LGD_RESPCODE, 0) = XC01
2020-04-12 10:08:19 [DEBUG] [tsi_991050-0120200412100819d4c211e3e7d1489ab3dc4e1621cd1a3ae9a57043] Response (LGD_HASHDATA, 0) = d970d2321ee4c67f959f775a2f03c70f
2020-04-12 10:08:19 [DEBUG] [tsi_991050-0120200412100819d4c211e3e7d1489ab3dc4e1621cd1a3ae9a57043] Response (LGD_TIMESTAMP, 0) = 20200412100819
2020-04-12 10:08:19 [DEBUG] [tsi_991050-0120200412100819d4c211e3e7d1489ab3dc4e1621cd1a3ae9a57043] Response (LGD_RESPMSG, 0) = Î≥∏Ïù∏ÌôïÏù∏ ÏöîÏ≤≠ÌÇ§[LGD_AUTHONLYKEY]Í∞Ä ÏóÜÏäµÎãàÎã§.
